SERVER-[2022-05-21 22:01:51]-backend/cpp/src/main.cc-void* await_shutdown(void*)-38-Gracefully shutting down server!
SERVER-[2022-05-21 22:02:58]-backend/cpp/src/main.cc-void* await_shutdown(void*)-38-Gracefully shutting down server!
SERVER-[2022-05-21 22:03:15]-backend/cpp/src/main.cc-void* await_shutdown(void*)-39-Gracefully shutting down server!
SERVER-[2022-05-21 22:25:37]-backend/cpp/src/main.cc-void* await_shutdown(void*)-39-Gracefully shutting down server!
SERVER-[2022-05-21 22:27:40]-backend/cpp/src/main.cc-void* await_shutdown(void*)-39-Gracefully shutting down server!
SERVER-[2022-05-21 22:29:39]-backend/cpp/src/main.cc-void* await_shutdown(void*)-39-Gracefully shutting down server!
SERVER-[2022-05-21 22:31:22]-backend/cpp/src/main.cc-void* await_shutdown(void*)-39-Gracefully shutting down server!
SERVER-[2022-05-21 22:35:50]-backend/cpp/src/main.cc-void* await_shutdown(void*)-39-Gracefully shutting down server!
SERVER-[2022-05-21 22:38:18]-backend/cpp/src/main.cc-void* await_shutdown(void*)-39-Gracefully shutting down server!
SERVER-[2022-05-21 22:49:02]-backend/cpp/src/main.cc-void* await_shutdown(void*)-39-Gracefully shutting down server!
SERVER-[2022-05-21 23:00:29]-backend/cpp/src/main.cc-void* await_shutdown(void*)-39-Gracefully shutting down server!
SERVER-[2022-05-21 23:11:53]-backend/cpp/src/main.cc-void* await_shutdown(void*)-41-Gracefully shutting down server!
SERVER-[2022-05-21 23:50:10]-backend/cpp/src/main.cc-void* await_shutdown(void*)-41-Gracefully shutting down server!
SERVER-[2022-05-22 00:01:12]-backend/cpp/src/main.cc-void* await_shutdown(void*)-41-Gracefully shutting down server!
SERVER-[2022-05-22 00:02:45]-backend/cpp/src/main.cc-void* await_shutdown(void*)-41-Gracefully shutting down server!
SERVER-[2022-05-22 00:05:34]-backend/cpp/src/main.cc-void* await_shutdown(void*)-41-Gracefully shutting down server!
SERVER-[2022-05-22 00:08:03]-backend/cpp/src/main.cc-void* await_shutdown(void*)-43-Gracefully shutting down server!
SERVER-[2022-05-22 00:10:23]-backend/cpp/src/main.cc-void* await_shutdown(void*)-44-Gracefully shutting down server!
SERVER-[2022-05-22 00:13:35]-backend/cpp/src/main.cc-void* await_shutdown(void*)-44-Gracefully shutting down server!
SERVER-[2022-05-22 00:14:41]-backend/cpp/src/main.cc-void* await_shutdown(void*)-45-Gracefully shutting down server!
SERVER-[2022-05-22 00:15:11]-backend/cpp/src/main.cc-void* await_shutdown(void*)-45-Gracefully shutting down server!
SERVER-[2022-05-22 00:18:32]-backend/cpp/src/main.cc-void* await_shutdown(void*)-49-Gracefully shutting down server!
SERVER-[2022-05-22 00:21:27]-backend/cpp/src/main.cc-void* await_shutdown(void*)-49-Gracefully shutting down server!
SERVER-[2022-05-22 00:22:25]-backend/cpp/src/main.cc-void* await_shutdown(void*)-49-Gracefully shutting down server!
SERVER-[2022-05-22 00:23:28]-backend/cpp/src/main.cc-void* await_shutdown(void*)-49-Gracefully terminated!
SERVER-[2022-05-22 00:24:03]-backend/cpp/src/main.cc-void* await_shutdown(void*)-49-Gracefully terminated!
SERVER-[2022-05-22 00:33:56]-backend/cpp/src/main.cc-void* await_shutdown(void*)-49-Gracefully terminated!
SERVER-[2022-05-22 00:34:54]-backend/cpp/src/main.cc-void* await_shutdown(void*)-57-Gracefully terminated!
SERVER-[2022-05-22 00:36:16]-backend/cpp/src/main.cc-void* await_shutdown(void*)-57-Gracefully terminated!
SERVER-[2022-05-22 00:37:22]-backend/cpp/src/main.cc-void* await_shutdown(void*)-57-Gracefully terminated!
SERVER-[2022-05-22 00:59:55]-backend/cpp/src/main.cc-void* await_shutdown(void*)-57-Gracefully terminated!
SERVER-[2022-05-22 01:05:57]-backend/cpp/src/main.cc-void close(Conn*)-75-Closing Connection!
SERVER-[2022-05-22 01:05:57]-backend/cpp/src/main.cc-void close(Conn*)-75-Closing Connection!
SERVER-[2022-05-22 01:22:59]-backend/cpp/src/main.cc-void* await_shutdown(void*)-57-Gracefully terminated!
SERVER-[2022-05-22 01:24:00]-backend/cpp/src/main.cc-void* await_shutdown(void*)-57-Gracefully terminated!
SERVER-[2022-05-22 01:24:38]-backend/cpp/src/main.cc-void* await_shutdown(void*)-57-Gracefully terminated!
SERVER-[2022-05-22 01:27:31]-backend/cpp/src/main.cc-void close(Conn*)-75-Closing Connection!
SERVER-[2022-05-22 01:55:04]-backend/cpp/src/main.cc-void close(Conn*)-75-Closing Connection!
SERVER-[2022-05-22 01:55:48]-backend/cpp/src/main.cc-void close(Conn*)-75-Closing Connection!
SERVER-[2022-05-22 01:56:40]-backend/cpp/src/main.cc-void close(Conn*)-75-Closing Connection!
SERVER-[2022-05-22 03:21:14]-backend/cpp/src/main.cc-void* await_shutdown(void*)-57-Gracefully terminated!
SERVER-[2022-05-22 03:25:17]-backend/cpp/src/main.cc-void* await_shutdown(void*)-57-Gracefully terminated!
SERVER-[2022-05-22 03:31:39]-backend/cpp/src/main.cc-void* await_shutdown(void*)-57-Gracefully terminated!
SERVER-[2022-05-22 03:32:56]-backend/cpp/src/main.cc-void* await_shutdown(void*)-57-Gracefully terminated!
SERVER-[2022-05-22 03:33:47]-backend/cpp/src/main.cc-void* await_shutdown(void*)-57-Gracefully terminated!
SERVER-[2022-05-22 03:43:51]-backend/cpp/src/main.cc-void* await_shutdown(void*)-57-Gracefully terminated!
SERVER-[2022-05-22 03:45:48]-backend/cpp/src/main.cc-void* await_shutdown(void*)-57-Gracefully terminated!
SERVER-[2022-05-22 03:46:42]-backend/cpp/src/main.cc-void* await_shutdown(void*)-57-Gracefully terminated!
SERVER-[2022-05-22 03:47:05]-backend/cpp/src/main.cc-void open(Conn*)-71-Opening Connection!
SERVER-[2022-05-22 03:47:23]-backend/cpp/src/main.cc-void open(Conn*)-71-Opening Connection!
SERVER-[2022-05-22 03:47:29]-backend/cpp/src/main.cc-void open(Conn*)-71-Opening Connection!
SERVER-[2022-05-22 03:49:35]-backend/cpp/src/main.cc-void* await_shutdown(void*)-57-Gracefully terminated!
SERVER-[2022-05-22 03:50:13]-backend/cpp/src/main.cc-void open(Conn*)-71-Opening Connection!
SERVER-[2022-05-22 03:59:13]-backend/cpp/src/main.cc-void open(Conn*)-71-Opening Connection!
SERVER-[2022-05-22 03:59:13]-backend/cpp/src/main.cc-void close(Conn*)-75-Closing Connection!
SERVER-[2022-05-22 04:06:16]-backend/cpp/src/main.cc-void open(Conn*)-71-Opening Connection!
SERVER-[2022-05-22 04:06:16]-backend/cpp/src/main.cc-void close(Conn*)-75-Closing Connection!
SERVER-[2022-05-22 04:11:15]-backend/cpp/src/main.cc-void open(Conn*)-71-Opening Connection!
SERVER-[2022-05-22 04:11:15]-backend/cpp/src/main.cc-void close(Conn*)-75-Closing Connection!
SERVER-[2022-05-22 04:18:07]-backend/cpp/src/main.cc-void open(Conn*)-71-Opening Connection!
SERVER-[2022-05-22 04:18:07]-backend/cpp/src/main.cc-void close(Conn*)-75-Closing Connection!
SERVER-[2022-05-22 04:20:03]-backend/cpp/src/main.cc-void open(Conn*)-71-Opening Connection!
SERVER-[2022-05-22 04:20:03]-backend/cpp/src/main.cc-void close(Conn*)-75-Closing Connection!
SERVER-[2022-05-22 04:20:45]-backend/cpp/src/main.cc-void open(Conn*)-71-Opening Connection!
SERVER-[2022-05-22 04:20:45]-backend/cpp/src/main.cc-void close(Conn*)-75-Closing Connection!
SERVER-[2022-05-22 04:38:01]-backend/cpp/src/main.cc-void open(Conn*)-71-Opening Connection!
SERVER-[2022-05-22 04:38:39]-backend/cpp/src/main.cc-void open(Conn*)-71-Opening Connection!
SERVER-[2022-05-22 04:40:43]-backend/cpp/src/main.cc-void open(Conn*)-71-Opening Connection!
SERVER-[2022-05-22 04:40:43]-backend/cpp/src/main.cc-void close(Conn*)-75-Closing Connection!
SERVER-[2022-05-22 04:40:56]-backend/cpp/src/main.cc-void open(Conn*)-71-Opening Connection!
SERVER-[2022-05-22 04:40:56]-backend/cpp/src/main.cc-void close(Conn*)-75-Closing Connection!
SERVER-[2022-05-22 11:29:52]-backend/cpp/src/main.cc-void* await_shutdown(void*)-57-Gracefully terminated!
SERVER-[2022-05-22 11:30:45]-backend/cpp/src/main.cc-void open(Conn*)-71-Opening Connection!
SERVER-[2022-05-22 11:30:45]-backend/cpp/src/main.cc-void close(Conn*)-75-Closing Connection!
SERVER-[2022-05-22 11:49:16]-backend/cpp/src/main.cc-void open(Conn*)-71-Opening Connection!
SERVER-[2022-05-22 11:49:16]-backend/cpp/src/main.cc-void close(Conn*)-75-Closing Connection!
SERVER-[2022-05-22 11:51:52]-backend/cpp/src/main.cc-void open(Conn*)-71-Opening Connection!
SERVER-[2022-05-22 11:51:52]-backend/cpp/src/main.cc-void close(Conn*)-75-Closing Connection!
SERVER-[2022-05-22 11:57:14]-backend/cpp/src/main.cc-void* await_shutdown(void*)-57-Gracefully terminated!
SERVER-[2022-05-22 11:59:47]-backend/cpp/src/main.cc-void open(Conn*)-71-Opening Connection!
SERVER-[2022-05-22 11:59:47]-backend/cpp/src/main.cc-void close(Conn*)-75-Closing Connection!
SERVER-[2022-05-22 12:09:57]-backend/cpp/src/main.cc-void open(Conn*)-71-Opening Connection!
SERVER-[2022-05-22 12:09:57]-backend/cpp/src/main.cc-void close(Conn*)-75-Closing Connection!
SERVER-[2022-05-22 12:12:21]-backend/cpp/src/main.cc-void open(Conn*)-71-Opening Connection!
SERVER-[2022-05-22 12:12:21]-backend/cpp/src/main.cc-void close(Conn*)-75-Closing Connection!
SERVER-[2022-05-22 12:14:53]-backend/cpp/src/main.cc-void* await_shutdown(void*)-57-Gracefully terminated!
SERVER-[2022-05-22 12:15:23]-backend/cpp/src/main.cc-void open(Conn*)-71-Opening Connection!
SERVER-[2022-05-22 12:15:23]-backend/cpp/src/main.cc-void close(Conn*)-75-Closing Connection!
SERVER-[2022-05-22 12:16:34]-backend/cpp/src/main.cc-void open(Conn*)-71-Opening Connection!
SERVER-[2022-05-22 12:16:34]-backend/cpp/src/main.cc-void close(Conn*)-75-Closing Connection!
SERVER-[2022-05-22 12:28:43]-backend/cpp/src/main.cc-void open(Conn*)-71-Opening Connection!
SERVER-[2022-05-22 12:28:43]-backend/cpp/src/main.cc-void close(Conn*)-75-Closing Connection!
SERVER-[2022-05-22 12:31:47]-backend/cpp/src/main.cc-void open(Conn*)-71-Opening Connection!
SERVER-[2022-05-22 12:31:47]-backend/cpp/src/main.cc-void close(Conn*)-75-Closing Connection!
SERVER-[2022-05-22 12:33:45]-backend/cpp/src/main.cc-void open(Conn*)-71-Opening Connection!
SERVER-[2022-05-22 12:33:45]-backend/cpp/src/main.cc-void close(Conn*)-75-Closing Connection!
SERVER-[2022-05-22 12:36:24]-backend/cpp/src/main.cc-void open(Conn*)-71-Opening Connection!
SERVER-[2022-05-22 12:36:24]-backend/cpp/src/main.cc-void close(Conn*)-75-Closing Connection!
SERVER-[2022-05-22 12:37:08]-backend/cpp/src/main.cc-void open(Conn*)-71-Opening Connection!
SERVER-[2022-05-22 12:37:08]-backend/cpp/src/main.cc-void close(Conn*)-75-Closing Connection!
SERVER-[2022-05-22 12:37:11]-backend/cpp/src/main.cc-void open(Conn*)-71-Opening Connection!
SERVER-[2022-05-22 12:37:11]-backend/cpp/src/main.cc-void close(Conn*)-75-Closing Connection!
SERVER-[2022-05-22 12:37:12]-backend/cpp/src/main.cc-void open(Conn*)-71-Opening Connection!
SERVER-[2022-05-22 12:37:12]-backend/cpp/src/main.cc-void close(Conn*)-75-Closing Connection!
SERVER-[2022-05-22 12:43:52]-backend/cpp/src/main.cc-void open(Conn*)-71-Opening Connection!
SERVER-[2022-05-22 12:43:52]-backend/cpp/src/main.cc-void close(Conn*)-75-Closing Connection!
SERVER-[2022-05-22 12:44:03]-backend/cpp/src/main.cc-void open(Conn*)-71-Opening Connection!
SERVER-[2022-05-22 12:44:03]-backend/cpp/src/main.cc-void close(Conn*)-75-Closing Connection!
SERVER-[2022-05-22 12:44:05]-backend/cpp/src/main.cc-void open(Conn*)-71-Opening Connection!
SERVER-[2022-05-22 12:44:05]-backend/cpp/src/main.cc-void close(Conn*)-75-Closing Connection!
SERVER-[2022-05-22 12:44:06]-backend/cpp/src/main.cc-void open(Conn*)-71-Opening Connection!
SERVER-[2022-05-22 12:44:06]-backend/cpp/src/main.cc-void close(Conn*)-75-Closing Connection!
SERVER-[2022-05-22 12:47:50]-backend/cpp/src/main.cc-void open(Conn*)-71-Opening Connection!
SERVER-[2022-05-22 12:47:50]-backend/cpp/src/main.cc-void close(Conn*)-75-Closing Connection!
SERVER-[2022-05-22 12:59:04]-backend/cpp/src/main.cc-void open(Conn*)-71-Opening Connection!
SERVER-[2022-05-22 12:59:04]-backend/cpp/src/main.cc-void close(Conn*)-75-Closing Connection!
SERVER-[2022-05-22 13:00:16]-backend/cpp/src/main.cc-void open(Conn*)-71-Opening Connection!
SERVER-[2022-05-22 13:00:16]-backend/cpp/src/main.cc-void close(Conn*)-75-Closing Connection!
SERVER-[2022-05-22 13:00:21]-backend/cpp/src/main.cc-void open(Conn*)-71-Opening Connection!
SERVER-[2022-05-22 13:00:21]-backend/cpp/src/main.cc-void close(Conn*)-75-Closing Connection!
SERVER-[2022-05-22 13:00:22]-backend/cpp/src/main.cc-void open(Conn*)-71-Opening Connection!
SERVER-[2022-05-22 13:00:23]-backend/cpp/src/main.cc-void close(Conn*)-75-Closing Connection!
SERVER-[2022-05-22 13:03:22]-backend/cpp/src/main.cc-void open(Conn*)-71-Opening Connection!
SERVER-[2022-05-22 13:03:22]-backend/cpp/src/main.cc-void close(Conn*)-75-Closing Connection!
SERVER-[2022-05-22 13:03:24]-backend/cpp/src/main.cc-void open(Conn*)-71-Opening Connection!
SERVER-[2022-05-22 13:03:24]-backend/cpp/src/main.cc-void close(Conn*)-75-Closing Connection!
SERVER-[2022-05-22 13:03:26]-backend/cpp/src/main.cc-void open(Conn*)-71-Opening Connection!
SERVER-[2022-05-22 13:03:26]-backend/cpp/src/main.cc-void close(Conn*)-75-Closing Connection!
SERVER-[2022-05-22 13:03:28]-backend/cpp/src/main.cc-void open(Conn*)-71-Opening Connection!
SERVER-[2022-05-22 13:03:28]-backend/cpp/src/main.cc-void close(Conn*)-75-Closing Connection!
SERVER-[2022-05-22 13:04:18]-backend/cpp/src/main.cc-void open(Conn*)-71-Opening Connection!
SERVER-[2022-05-22 13:04:18]-backend/cpp/src/main.cc-void close(Conn*)-75-Closing Connection!
SERVER-[2022-05-22 13:06:26]-backend/cpp/src/main.cc-void* await_shutdown(void*)-57-Gracefully terminated!
SERVER-[2022-05-22 13:07:42]-backend/cpp/src/main.cc-void open(Conn*)-71-Opening Connection!
SERVER-[2022-05-22 13:08:47]-backend/cpp/src/main.cc-void open(Conn*)-71-Opening Connection!
SERVER-[2022-05-22 13:08:47]-backend/cpp/src/main.cc-void close(Conn*)-75-Closing Connection!
SERVER-[2022-05-22 13:09:47]-backend/cpp/src/main.cc-void open(Conn*)-71-Opening Connection!
SERVER-[2022-05-22 13:11:29]-backend/cpp/src/main.cc-void open(Conn*)-71-Opening Connection!
SERVER-[2022-05-22 13:14:21]-backend/cpp/src/main.cc-void open(Conn*)-71-Opening Connection!
SERVER-[2022-05-22 13:14:21]-backend/cpp/src/main.cc-void close(Conn*)-75-Closing Connection!
SERVER-[2022-05-22 13:14:26]-backend/cpp/src/main.cc-void open(Conn*)-71-Opening Connection!
SERVER-[2022-05-22 13:14:26]-backend/cpp/src/main.cc-void close(Conn*)-75-Closing Connection!
SERVER-[2022-05-22 13:16:23]-backend/cpp/src/main.cc-void open(Conn*)-71-Opening Connection!
SERVER-[2022-05-22 13:22:38]-backend/cpp/src/main.cc-void open(Conn*)-71-Opening Connection!
SERVER-[2022-05-22 13:38:46]-backend/cpp/src/main.cc-void* await_shutdown(void*)-57-Gracefully terminated!
SERVER-[2022-05-22 13:48:04]-backend/cpp/src/main.cc-void open(Conn*)-71-Opening Connection!
SERVER-[2022-05-22 14:33:46]-backend/cpp/src/main.cc-void open(Conn*)-71-Opening Connection!
SERVER-[2022-05-22 14:34:32]-backend/cpp/src/main.cc-void open(Conn*)-71-Opening Connection!
SERVER-[2022-05-22 14:34:34]-backend/cpp/src/main.cc-void open(Conn*)-71-Opening Connection!
SERVER-[2022-05-22 14:34:35]-backend/cpp/src/main.cc-void open(Conn*)-71-Opening Connection!
SERVER-[2022-05-22 14:34:41]-backend/cpp/src/main.cc-void open(Conn*)-71-Opening Connection!
SERVER-[2022-05-22 14:35:30]-backend/cpp/src/main.cc-void* await_shutdown(void*)-57-Gracefully terminated!
SERVER-[2022-05-22 14:35:50]-backend/cpp/src/main.cc-void open(Conn*)-71-Opening Connection!
SERVER-[2022-05-22 14:35:59]-backend/cpp/src/main.cc-void open(Conn*)-71-Opening Connection!
SERVER-[2022-05-22 14:36:00]-backend/cpp/src/main.cc-void open(Conn*)-71-Opening Connection!
SERVER-[2022-05-22 14:36:00]-backend/cpp/src/main.cc-void open(Conn*)-71-Opening Connection!
SERVER-[2022-05-22 14:36:00]-backend/cpp/src/main.cc-void open(Conn*)-71-Opening Connection!
SERVER-[2022-05-22 14:36:01]-backend/cpp/src/main.cc-void open(Conn*)-71-Opening Connection!
SERVER-[2022-05-22 14:36:01]-backend/cpp/src/main.cc-void open(Conn*)-71-Opening Connection!
SERVER-[2022-05-22 14:36:01]-backend/cpp/src/main.cc-void open(Conn*)-71-Opening Connection!
SERVER-[2022-05-22 14:36:02]-backend/cpp/src/main.cc-void open(Conn*)-71-Opening Connection!
SERVER-[2022-05-22 14:36:02]-backend/cpp/src/main.cc-void open(Conn*)-71-Opening Connection!
SERVER-[2022-05-22 14:36:02]-backend/cpp/src/main.cc-void open(Conn*)-71-Opening Connection!
SERVER-[2022-05-22 14:36:02]-backend/cpp/src/main.cc-void open(Conn*)-71-Opening Connection!
SERVER-[2022-05-22 14:38:29]-backend/cpp/src/main.cc-void* await_shutdown(void*)-57-Gracefully terminated!
SERVER-[2022-05-22 14:38:47]-backend/cpp/src/main.cc-void open(Conn*)-71-Opening Connection!
SERVER-[2022-05-22 14:38:47]-backend/cpp/src/main.cc-void close(Conn*)-78-Closing Connection!
SERVER-[2022-05-22 14:38:58]-backend/cpp/src/main.cc-void open(Conn*)-71-Opening Connection!
SERVER-[2022-05-22 14:38:58]-backend/cpp/src/main.cc-void close(Conn*)-78-Closing Connection!
SERVER-[2022-05-22 14:39:00]-backend/cpp/src/main.cc-void open(Conn*)-71-Opening Connection!
SERVER-[2022-05-22 14:39:00]-backend/cpp/src/main.cc-void close(Conn*)-78-Closing Connection!
SERVER-[2022-05-22 14:39:02]-backend/cpp/src/main.cc-void open(Conn*)-71-Opening Connection!
SERVER-[2022-05-22 14:39:02]-backend/cpp/src/main.cc-void close(Conn*)-78-Closing Connection!
SERVER-[2022-05-22 14:39:04]-backend/cpp/src/main.cc-void open(Conn*)-71-Opening Connection!
SERVER-[2022-05-22 14:39:04]-backend/cpp/src/main.cc-void close(Conn*)-78-Closing Connection!
SERVER-[2022-05-22 14:39:05]-backend/cpp/src/main.cc-void open(Conn*)-71-Opening Connection!
SERVER-[2022-05-22 14:39:05]-backend/cpp/src/main.cc-void close(Conn*)-78-Closing Connection!
SERVER-[2022-05-22 14:39:08]-backend/cpp/src/main.cc-void open(Conn*)-71-Opening Connection!
SERVER-[2022-05-22 14:39:08]-backend/cpp/src/main.cc-void close(Conn*)-78-Closing Connection!
SERVER-[2022-05-22 14:40:32]-backend/cpp/src/main.cc-void open(Conn*)-71-Opening Connection!
SERVER-[2022-05-22 14:40:32]-backend/cpp/src/main.cc-void close(Conn*)-78-Closing Connection!
SERVER-[2022-05-22 14:44:26]-backend/cpp/src/main.cc-void open(Conn*)-71-Opening Connection!
SERVER-[2022-05-22 14:44:26]-backend/cpp/src/main.cc-void close(Conn*)-78-Closing Connection!
SERVER-[2022-05-22 14:44:30]-backend/cpp/src/main.cc-void open(Conn*)-71-Opening Connection!
SERVER-[2022-05-22 14:44:30]-backend/cpp/src/main.cc-void close(Conn*)-78-Closing Connection!
SERVER-[2022-05-22 14:44:45]-backend/cpp/src/main.cc-void open(Conn*)-71-Opening Connection!
SERVER-[2022-05-22 14:44:45]-backend/cpp/src/main.cc-void close(Conn*)-78-Closing Connection!
SERVER-[2022-05-22 14:44:47]-backend/cpp/src/main.cc-void open(Conn*)-71-Opening Connection!
SERVER-[2022-05-22 14:44:47]-backend/cpp/src/main.cc-void close(Conn*)-78-Closing Connection!
SERVER-[2022-05-22 14:44:48]-backend/cpp/src/main.cc-void open(Conn*)-71-Opening Connection!
SERVER-[2022-05-22 14:44:48]-backend/cpp/src/main.cc-void close(Conn*)-78-Closing Connection!
SERVER-[2022-05-22 14:44:49]-backend/cpp/src/main.cc-void open(Conn*)-71-Opening Connection!
SERVER-[2022-05-22 14:44:49]-backend/cpp/src/main.cc-void close(Conn*)-78-Closing Connection!
SERVER-[2022-05-22 14:45:13]-backend/cpp/src/main.cc-void open(Conn*)-71-Opening Connection!
SERVER-[2022-05-22 14:45:13]-backend/cpp/src/main.cc-void close(Conn*)-78-Closing Connection!
SERVER-[2022-05-22 14:45:16]-backend/cpp/src/main.cc-void open(Conn*)-71-Opening Connection!
SERVER-[2022-05-22 14:45:16]-backend/cpp/src/main.cc-void close(Conn*)-78-Closing Connection!
SERVER-[2022-05-22 14:45:16]-backend/cpp/src/main.cc-void open(Conn*)-71-Opening Connection!
SERVER-[2022-05-22 14:45:16]-backend/cpp/src/main.cc-void close(Conn*)-78-Closing Connection!
SERVER-[2022-05-22 14:45:17]-backend/cpp/src/main.cc-void open(Conn*)-71-Opening Connection!
SERVER-[2022-05-22 14:45:17]-backend/cpp/src/main.cc-void close(Conn*)-78-Closing Connection!
SERVER-[2022-05-22 14:45:18]-backend/cpp/src/main.cc-void open(Conn*)-71-Opening Connection!
SERVER-[2022-05-22 14:45:18]-backend/cpp/src/main.cc-void close(Conn*)-78-Closing Connection!
SERVER-[2022-05-22 14:45:20]-backend/cpp/src/main.cc-void open(Conn*)-71-Opening Connection!
SERVER-[2022-05-22 14:45:20]-backend/cpp/src/main.cc-void close(Conn*)-78-Closing Connection!
SERVER-[2022-05-22 14:45:21]-backend/cpp/src/main.cc-void open(Conn*)-71-Opening Connection!
SERVER-[2022-05-22 14:45:21]-backend/cpp/src/main.cc-void close(Conn*)-78-Closing Connection!
SERVER-[2022-05-22 14:45:24]-backend/cpp/src/main.cc-void close(Conn*)-78-Closing Connection!
SERVER-[2022-05-22 14:45:35]-backend/cpp/src/main.cc-void open(Conn*)-71-Opening Connection!
SERVER-[2022-05-22 14:45:35]-backend/cpp/src/main.cc-void close(Conn*)-78-Closing Connection!
SERVER-[2022-05-22 14:45:38]-backend/cpp/src/main.cc-void open(Conn*)-71-Opening Connection!
SERVER-[2022-05-22 14:45:38]-backend/cpp/src/main.cc-void close(Conn*)-78-Closing Connection!
SERVER-[2022-05-22 14:45:40]-backend/cpp/src/main.cc-void open(Conn*)-71-Opening Connection!
SERVER-[2022-05-22 14:45:40]-backend/cpp/src/main.cc-void close(Conn*)-78-Closing Connection!
SERVER-[2022-05-22 14:45:40]-backend/cpp/src/main.cc-void open(Conn*)-71-Opening Connection!
SERVER-[2022-05-22 14:45:40]-backend/cpp/src/main.cc-void close(Conn*)-78-Closing Connection!
SERVER-[2022-05-22 14:45:42]-backend/cpp/src/main.cc-void open(Conn*)-71-Opening Connection!
SERVER-[2022-05-22 14:45:42]-backend/cpp/src/main.cc-void close(Conn*)-78-Closing Connection!
SERVER-[2022-05-22 14:45:43]-backend/cpp/src/main.cc-void open(Conn*)-71-Opening Connection!
SERVER-[2022-05-22 14:45:43]-backend/cpp/src/main.cc-void close(Conn*)-78-Closing Connection!
SERVER-[2022-05-22 14:45:44]-backend/cpp/src/main.cc-void open(Conn*)-71-Opening Connection!
SERVER-[2022-05-22 14:45:44]-backend/cpp/src/main.cc-void close(Conn*)-78-Closing Connection!
SERVER-[2022-05-22 14:45:45]-backend/cpp/src/main.cc-void open(Conn*)-71-Opening Connection!
SERVER-[2022-05-22 14:45:45]-backend/cpp/src/main.cc-void close(Conn*)-78-Closing Connection!
SERVER-[2022-05-22 14:46:45]-backend/cpp/src/main.cc-void open(Conn*)-71-Opening Connection!
SERVER-[2022-05-22 14:46:45]-backend/cpp/src/main.cc-void close(Conn*)-78-Closing Connection!
SERVER-[2022-05-22 14:47:49]-backend/cpp/src/main.cc-void open(Conn*)-71-Opening Connection!
SERVER-[2022-05-22 14:48:54]-backend/cpp/src/main.cc-void open(Conn*)-71-Opening Connection!
SERVER-[2022-05-22 14:49:40]-backend/cpp/src/main.cc-void open(Conn*)-71-Opening Connection!
SERVER-[2022-05-22 14:50:42]-backend/cpp/src/main.cc-void open(Conn*)-71-Opening Connection!
SERVER-[2022-05-22 14:50:42]-backend/cpp/src/main.cc-void close(Conn*)-78-Closing Connection!
SERVER-[2022-05-22 14:50:47]-backend/cpp/src/main.cc-void open(Conn*)-71-Opening Connection!
SERVER-[2022-05-22 14:50:47]-backend/cpp/src/main.cc-void close(Conn*)-78-Closing Connection!
SERVER-[2022-05-22 14:50:51]-backend/cpp/src/main.cc-void open(Conn*)-71-Opening Connection!
SERVER-[2022-05-22 14:50:51]-backend/cpp/src/main.cc-void close(Conn*)-78-Closing Connection!
SERVER-[2022-05-22 14:50:53]-backend/cpp/src/main.cc-void open(Conn*)-71-Opening Connection!
SERVER-[2022-05-22 14:50:53]-backend/cpp/src/main.cc-void close(Conn*)-78-Closing Connection!
SERVER-[2022-05-22 14:52:07]-backend/cpp/src/main.cc-void open(Conn*)-71-Opening Connection!
SERVER-[2022-05-22 14:52:07]-backend/cpp/src/main.cc-void close(Conn*)-78-Closing Connection!
SERVER-[2022-05-22 14:52:11]-backend/cpp/src/main.cc-void open(Conn*)-71-Opening Connection!
SERVER-[2022-05-22 14:52:11]-backend/cpp/src/main.cc-void close(Conn*)-78-Closing Connection!
SERVER-[2022-05-22 15:09:42]-backend/cpp/src/main.cc-void open(Conn*)-71-Opening Connection!
SERVER-[2022-05-22 15:09:42]-backend/cpp/src/main.cc-void close(Conn*)-78-Closing Connection!
SERVER-[2022-05-22 16:51:18]-backend/cpp/src/main.cc-void* server_destroy(void*)-160-Gracefully terminated!
SERVER-[2022-05-22 16:52:23]-backend/cpp/src/main.cc-void* server_destroy(void*)-161-Gracefully terminated!
SERVER-[2022-05-22 16:54:58]-backend/cpp/src/main.cc-void* server_destroy(void*)-162-Gracefully terminated!
SERVER-[2022-05-22 16:58:31]-backend/cpp/src/main.cc-void* server_destroy(void*)-162-Gracefully terminated!
SERVER-[2022-05-22 16:59:16]-backend/cpp/src/main.cc-void* server_destroy(void*)-162-Gracefully terminated!
SERVER-[2022-05-22 17:00:36]-backend/cpp/src/main.cc-void* server_destroy(void*)-162-Gracefully terminated!
SERVER-[2022-05-22 17:02:37]-backend/cpp/src/main.cc-void* server_destroy(void*)-162-Gracefully terminated!
SERVER-[2022-05-22 17:04:04]-backend/cpp/src/main.cc-void* server_destroy(void*)-162-Gracefully terminated!
SERVER-[2022-05-22 17:09:20]-backend/cpp/src/main.cc-void* server_destroy(void*)-162-Gracefully terminated!
SERVER-[2022-05-22 17:12:28]-backend/cpp/src/main.cc-void* server_destroy(void*)-162-Gracefully terminated!
SERVER-[2022-05-22 17:13:49]-backend/cpp/src/main.cc-void* server_destroy(void*)-162-Gracefully terminated!
SERVER-[2022-05-22 17:17:38]-backend/cpp/src/main.cc-void* server_destroy(void*)-162-Gracefully terminated!
SERVER-[2022-05-22 17:20:02]-backend/cpp/src/main.cc-void* server_destroy(void*)-374-Gracefully terminated!
SERVER-[2022-05-22 17:25:28]-backend/cpp/src/main.cc-void* server_destroy(void*)-376-Gracefully terminated!
SERVER-[2022-05-22 17:27:28]-backend/cpp/src/main.cc-void* server_destroy(void*)-376-Gracefully terminated!
SERVER-[2022-05-22 17:31:17]-backend/cpp/src/main.cc-void* server_destroy(void*)-376-Gracefully terminated!
SERVER-[2022-05-22 17:34:03]-backend/cpp/src/main.cc-void* server_destroy(void*)-381-Gracefully terminated!
SERVER-[2022-05-22 17:35:21]-backend/cpp/src/main.cc-void* server_destroy(void*)-382-Gracefully terminated!
SERVER-[2022-05-22 17:37:16]-backend/cpp/src/main.cc-void* server_destroy(void*)-382-Gracefully terminated!
SERVER-[2022-05-22 18:44:43]-backend/cpp/src/main.cc-void* server_destroy(void*)-326-Gracefully terminated!
SERVER-[2022-05-22 18:46:39]-backend/cpp/src/main.cc-void* server_destroy(void*)-407-Gracefully terminated!
SERVER-[2022-05-22 18:47:50]-backend/cpp/src/main.cc-void* server_destroy(void*)-407-Gracefully terminated!
SERVER-[2022-05-22 18:57:05]-backend/cpp/src/main.cc-void* server_destroy(void*)-489-Gracefully terminated!
SERVER-[2022-05-22 18:58:06]-backend/cpp/src/main.cc-void* server_destroy(void*)-489-Gracefully terminated!
SERVER-[2022-05-22 18:59:12]-backend/cpp/src/main.cc-void* server_destroy(void*)-491-Gracefully terminated!
SERVER-[2022-05-22 19:03:03]-backend/cpp/src/main.cc-void* server_destroy(void*)-492-Gracefully terminated!
SERVER-[2022-05-22 19:04:05]-backend/cpp/src/main.cc-void* server_destroy(void*)-494-Gracefully terminated!
SERVER-[2022-05-22 19:04:43]-backend/cpp/src/main.cc-void* server_destroy(void*)-494-Gracefully terminated!
SERVER-[2022-05-22 19:06:29]-backend/cpp/src/main.cc-void* server_destroy(void*)-494-Gracefully terminated!
SERVER-[2022-05-22 19:07:16]-backend/cpp/src/main.cc-void* server_destroy(void*)-496-Gracefully terminated!
SERVER-[2022-05-22 19:07:49]-backend/cpp/src/main.cc-void* server_destroy(void*)-496-Gracefully terminated!
SERVER-[2022-05-22 19:11:16]-backend/cpp/src/main.cc-void* server_destroy(void*)-496-Gracefully terminated!
SERVER-[2022-05-22 19:29:42]-backend/cpp/src/main.cc-void open(Conn*)-31-Opening Connection!
SERVER-[2022-05-22 19:32:18]-backend/cpp/src/main.cc-void open(Conn*)-31-Opening Connection!
SERVER-[2022-05-22 19:32:31]-backend/cpp/src/main.cc-void message(Conn*, const unsigned char*, uint64_t, int)-45-Message attempt!
SERVER-[2022-05-22 19:34:50]-backend/cpp/src/main.cc-void open(Conn*)-31-Opening Connection!
SERVER-[2022-05-22 19:34:59]-backend/cpp/src/main.cc-void message(Conn*, const unsigned char*, uint64_t, int)-45-Message attempt!
SERVER-[2022-05-22 19:38:47]-backend/cpp/src/main.cc-void open(Conn*)-31-Opening Connection!
SERVER-[2022-05-22 19:38:57]-backend/cpp/src/main.cc-void message(Conn*, const unsigned char*, uint64_t, int)-45-Message attempt!
SERVER-[2022-05-22 19:38:57]-backend/cpp/src/main.cc-void message(Conn*, const unsigned char*, uint64_t, int)-45-Message attempt!
SERVER-[2022-05-22 19:38:57]-backend/cpp/src/main.cc-void message(Conn*, const unsigned char*, uint64_t, int)-45-Message attempt!
SERVER-[2022-05-22 19:39:01]-backend/cpp/src/main.cc-void message(Conn*, const unsigned char*, uint64_t, int)-45-Message attempt!
SERVER-[2022-05-22 19:39:04]-backend/cpp/src/main.cc-void message(Conn*, const unsigned char*, uint64_t, int)-45-Message attempt!
SERVER-[2022-05-22 19:39:05]-backend/cpp/src/main.cc-void message(Conn*, const unsigned char*, uint64_t, int)-45-Message attempt!
SERVER-[2022-05-22 19:39:07]-backend/cpp/src/main.cc-void message(Conn*, const unsigned char*, uint64_t, int)-45-Message attempt!
SERVER-[2022-05-22 19:39:08]-backend/cpp/src/main.cc-void message(Conn*, const unsigned char*, uint64_t, int)-45-Message attempt!
SERVER-[2022-05-22 19:39:09]-backend/cpp/src/main.cc-void message(Conn*, const unsigned char*, uint64_t, int)-45-Message attempt!
SERVER-[2022-05-22 19:43:16]-backend/cpp/src/main.cc-void open(Conn*)-31-Opening Connection!
SERVER-[2022-05-22 19:43:39]-backend/cpp/src/main.cc-void open(Conn*)-31-Opening Connection!
SERVER-[2022-05-22 19:44:07]-backend/cpp/src/main.cc-void close(Conn*)-38-Closing Connection!
SERVER-[2022-05-22 19:47:16]-backend/cpp/src/main.cc-void open(Conn*)-31-Opening Connection!
SERVER-[2022-05-22 19:49:26]-backend/cpp/src/main.cc-void open(Conn*)-31-Opening Connection!
SERVER-[2022-05-22 19:53:16]-backend/cpp/src/main.cc-void open(Conn*)-31-Opening Connection!
SERVER-[2022-05-22 19:53:20]-backend/cpp/src/main.cc-void message(Conn*, const unsigned char*, uint64_t, int)-45-Message attempt!
SERVER-[2022-05-22 19:53:22]-backend/cpp/src/main.cc-void message(Conn*, const unsigned char*, uint64_t, int)-45-Message attempt!
SERVER-[2022-05-22 19:53:23]-backend/cpp/src/main.cc-void message(Conn*, const unsigned char*, uint64_t, int)-45-Message attempt!
SERVER-[2022-05-22 19:53:23]-backend/cpp/src/main.cc-void message(Conn*, const unsigned char*, uint64_t, int)-45-Message attempt!
SERVER-[2022-05-22 19:53:23]-backend/cpp/src/main.cc-void message(Conn*, const unsigned char*, uint64_t, int)-45-Message attempt!
SERVER-[2022-05-22 19:53:24]-backend/cpp/src/main.cc-void message(Conn*, const unsigned char*, uint64_t, int)-45-Message attempt!
SERVER-[2022-05-22 19:53:24]-backend/cpp/src/main.cc-void message(Conn*, const unsigned char*, uint64_t, int)-45-Message attempt!
SERVER-[2022-05-22 19:53:24]-backend/cpp/src/main.cc-void message(Conn*, const unsigned char*, uint64_t, int)-45-Message attempt!
SERVER-[2022-05-22 19:53:24]-backend/cpp/src/main.cc-void message(Conn*, const unsigned char*, uint64_t, int)-45-Message attempt!
SERVER-[2022-05-22 19:53:27]-backend/cpp/src/main.cc-void message(Conn*, const unsigned char*, uint64_t, int)-45-Message attempt!
SERVER-[2022-05-22 19:53:27]-backend/cpp/src/main.cc-void message(Conn*, const unsigned char*, uint64_t, int)-45-Message attempt!
SERVER-[2022-05-22 19:53:27]-backend/cpp/src/main.cc-void message(Conn*, const unsigned char*, uint64_t, int)-45-Message attempt!
SERVER-[2022-05-22 19:53:28]-backend/cpp/src/main.cc-void message(Conn*, const unsigned char*, uint64_t, int)-45-Message attempt!
SERVER-[2022-05-22 19:53:28]-backend/cpp/src/main.cc-void message(Conn*, const unsigned char*, uint64_t, int)-45-Message attempt!
SERVER-[2022-05-22 19:53:29]-backend/cpp/src/main.cc-void message(Conn*, const unsigned char*, uint64_t, int)-45-Message attempt!
SERVER-[2022-05-22 19:53:29]-backend/cpp/src/main.cc-void message(Conn*, const unsigned char*, uint64_t, int)-45-Message attempt!
SERVER-[2022-05-22 19:53:29]-backend/cpp/src/main.cc-void message(Conn*, const unsigned char*, uint64_t, int)-45-Message attempt!
SERVER-[2022-05-22 19:53:30]-backend/cpp/src/main.cc-void message(Conn*, const unsigned char*, uint64_t, int)-45-Message attempt!
SERVER-[2022-05-22 19:53:31]-backend/cpp/src/main.cc-void message(Conn*, const unsigned char*, uint64_t, int)-45-Message attempt!
SERVER-[2022-05-22 19:53:32]-backend/cpp/src/main.cc-void message(Conn*, const unsigned char*, uint64_t, int)-45-Message attempt!
SERVER-[2022-05-22 19:53:32]-backend/cpp/src/main.cc-void message(Conn*, const unsigned char*, uint64_t, int)-45-Message attempt!
SERVER-[2022-05-22 19:53:33]-backend/cpp/src/main.cc-void message(Conn*, const unsigned char*, uint64_t, int)-45-Message attempt!
SERVER-[2022-05-22 19:53:33]-backend/cpp/src/main.cc-void message(Conn*, const unsigned char*, uint64_t, int)-45-Message attempt!
SERVER-[2022-05-22 19:53:36]-backend/cpp/src/main.cc-void message(Conn*, const unsigned char*, uint64_t, int)-45-Message attempt!
SERVER-[2022-05-22 19:54:28]-backend/cpp/src/main.cc-void close(Conn*)-38-Closing Connection!
SERVER-[2022-05-22 19:58:52]-backend/cpp/src/main.cc-void open(Conn*)-301-Opening Connection!
SERVER-[2022-05-22 19:58:57]-backend/cpp/src/main.cc-void message(Conn*, const unsigned char*, uint64_t, int)-317-Message attempt!
SERVER-[2022-05-22 19:58:58]-backend/cpp/src/main.cc-void message(Conn*, const unsigned char*, uint64_t, int)-317-Message attempt!
SERVER-[2022-05-22 19:59:11]-backend/cpp/src/main.cc-void open(Conn*)-301-Opening Connection!
SERVER-[2022-05-22 20:00:09]-backend/cpp/src/main.cc-void* server_destroy(void*)-507-Gracefully terminated!
SERVER-[2022-05-22 20:00:31]-backend/cpp/src/main.cc-void open(Conn*)-301-Opening Connection!
SERVER-[2022-05-22 20:00:43]-backend/cpp/src/main.cc-void open(Conn*)-301-Opening Connection!
SERVER-[2022-05-22 20:01:35]-backend/cpp/src/main.cc-void open(Conn*)-301-Opening Connection!
SERVER-[2022-05-22 20:01:38]-backend/cpp/src/main.cc-void message(Conn*, const unsigned char*, uint64_t, int)-317-Message attempt!
SERVER-[2022-05-22 20:01:39]-backend/cpp/src/main.cc-void message(Conn*, const unsigned char*, uint64_t, int)-317-Message attempt!
SERVER-[2022-05-22 20:01:40]-backend/cpp/src/main.cc-void message(Conn*, const unsigned char*, uint64_t, int)-317-Message attempt!
SERVER-[2022-05-22 20:01:40]-backend/cpp/src/main.cc-void message(Conn*, const unsigned char*, uint64_t, int)-317-Message attempt!
SERVER-[2022-05-22 20:01:40]-backend/cpp/src/main.cc-void message(Conn*, const unsigned char*, uint64_t, int)-317-Message attempt!
SERVER-[2022-05-22 20:01:40]-backend/cpp/src/main.cc-void message(Conn*, const unsigned char*, uint64_t, int)-317-Message attempt!
SERVER-[2022-05-22 20:01:40]-backend/cpp/src/main.cc-void message(Conn*, const unsigned char*, uint64_t, int)-317-Message attempt!
SERVER-[2022-05-22 20:01:41]-backend/cpp/src/main.cc-void message(Conn*, const unsigned char*, uint64_t, int)-317-Message attempt!
SERVER-[2022-05-22 20:01:41]-backend/cpp/src/main.cc-void message(Conn*, const unsigned char*, uint64_t, int)-317-Message attempt!
SERVER-[2022-05-22 20:01:41]-backend/cpp/src/main.cc-void message(Conn*, const unsigned char*, uint64_t, int)-317-Message attempt!
SERVER-[2022-05-22 20:01:42]-backend/cpp/src/main.cc-void message(Conn*, const unsigned char*, uint64_t, int)-317-Message attempt!
SERVER-[2022-05-22 20:01:42]-backend/cpp/src/main.cc-void message(Conn*, const unsigned char*, uint64_t, int)-317-Message attempt!
SERVER-[2022-05-22 20:01:43]-backend/cpp/src/main.cc-void message(Conn*, const unsigned char*, uint64_t, int)-317-Message attempt!
SERVER-[2022-05-22 20:01:43]-backend/cpp/src/main.cc-void message(Conn*, const unsigned char*, uint64_t, int)-317-Message attempt!
SERVER-[2022-05-22 20:01:44]-backend/cpp/src/main.cc-void message(Conn*, const unsigned char*, uint64_t, int)-317-Message attempt!
SERVER-[2022-05-22 20:03:33]-backend/cpp/src/main.cc-void* server_destroy(void*)-507-Gracefully terminated!
SERVER-[2022-05-22 20:07:58]-backend/cpp/src/main.cc-void open(Conn*)-301-Opening Connection!
SERVER-[2022-05-22 20:10:52]-backend/cpp/src/main.cc-void* server_destroy(void*)-507-Gracefully terminated!
SERVER-[2022-05-22 20:11:09]-backend/cpp/src/main.cc-void open(Conn*)-301-Opening Connection!
SERVER-[2022-05-22 20:11:13]-backend/cpp/src/main.cc-void message(Conn*, const unsigned char*, uint64_t, int)-317-Message attempt!
SERVER-[2022-05-22 20:11:28]-backend/cpp/src/main.cc-void close(Conn*)-308-Closing Connection!
SERVER-[2022-05-22 20:11:35]-backend/cpp/src/main.cc-void open(Conn*)-301-Opening Connection!
SERVER-[2022-05-22 20:11:37]-backend/cpp/src/main.cc-void close(Conn*)-308-Closing Connection!
SERVER-[2022-05-22 20:11:39]-backend/cpp/src/main.cc-void open(Conn*)-301-Opening Connection!
SERVER-[2022-05-22 20:11:40]-backend/cpp/src/main.cc-void close(Conn*)-308-Closing Connection!
SERVER-[2022-05-22 20:11:48]-backend/cpp/src/main.cc-void open(Conn*)-301-Opening Connection!
SERVER-[2022-05-22 20:12:14]-backend/cpp/src/main.cc-void open(Conn*)-301-Opening Connection!
SERVER-[2022-05-22 20:12:19]-backend/cpp/src/main.cc-void open(Conn*)-301-Opening Connection!
SERVER-[2022-05-22 20:12:54]-backend/cpp/src/main.cc-void close(Conn*)-308-Closing Connection!
SERVER-[2022-05-22 20:13:15]-backend/cpp/src/main.cc-void close(Conn*)-308-Closing Connection!
SERVER-[2022-05-22 20:24:58]-backend/cpp/src/main.cc-void* server_destroy(void*)-535-Gracefully terminated!
SERVER-[2022-05-22 20:25:24]-backend/cpp/src/main.cc-void open(Conn*)-323-Opening Connection!
SERVER-[2022-05-22 20:25:28]-backend/cpp/src/main.cc-void message(Conn*, const unsigned char*, uint64_t, int)-339-Message attempt!
SERVER-[2022-05-22 20:25:30]-backend/cpp/src/main.cc-void message(Conn*, const unsigned char*, uint64_t, int)-339-Message attempt!
SERVER-[2022-05-22 20:25:31]-backend/cpp/src/main.cc-void message(Conn*, const unsigned char*, uint64_t, int)-339-Message attempt!
SERVER-[2022-05-22 20:25:31]-backend/cpp/src/main.cc-void message(Conn*, const unsigned char*, uint64_t, int)-339-Message attempt!
SERVER-[2022-05-22 20:25:31]-backend/cpp/src/main.cc-void message(Conn*, const unsigned char*, uint64_t, int)-339-Message attempt!
SERVER-[2022-05-22 20:25:32]-backend/cpp/src/main.cc-void message(Conn*, const unsigned char*, uint64_t, int)-339-Message attempt!
SERVER-[2022-05-22 20:25:32]-backend/cpp/src/main.cc-void message(Conn*, const unsigned char*, uint64_t, int)-339-Message attempt!
SERVER-[2022-05-22 20:25:33]-backend/cpp/src/main.cc-void message(Conn*, const unsigned char*, uint64_t, int)-339-Message attempt!
SERVER-[2022-05-22 20:25:33]-backend/cpp/src/main.cc-void message(Conn*, const unsigned char*, uint64_t, int)-339-Message attempt!
SERVER-[2022-05-22 20:25:33]-backend/cpp/src/main.cc-void message(Conn*, const unsigned char*, uint64_t, int)-339-Message attempt!
SERVER-[2022-05-22 20:25:35]-backend/cpp/src/main.cc-void close(Conn*)-330-Closing Connection!
SERVER-[2022-05-22 20:26:37]-backend/cpp/src/main.cc-void open(Conn*)-323-Opening Connection!
SERVER-[2022-05-22 20:26:40]-backend/cpp/src/main.cc-void message(Conn*, const unsigned char*, uint64_t, int)-340-Message attempt!
SERVER-[2022-05-22 20:26:41]-backend/cpp/src/main.cc-void message(Conn*, const unsigned char*, uint64_t, int)-340-Message attempt!
SERVER-[2022-05-22 20:26:41]-backend/cpp/src/main.cc-void message(Conn*, const unsigned char*, uint64_t, int)-340-Message attempt!
SERVER-[2022-05-22 20:26:41]-backend/cpp/src/main.cc-void message(Conn*, const unsigned char*, uint64_t, int)-340-Message attempt!
SERVER-[2022-05-22 20:26:41]-backend/cpp/src/main.cc-void message(Conn*, const unsigned char*, uint64_t, int)-340-Message attempt!
SERVER-[2022-05-22 20:26:41]-backend/cpp/src/main.cc-void message(Conn*, const unsigned char*, uint64_t, int)-340-Message attempt!
SERVER-[2022-05-22 20:26:42]-backend/cpp/src/main.cc-void message(Conn*, const unsigned char*, uint64_t, int)-340-Message attempt!
SERVER-[2022-05-22 20:26:42]-backend/cpp/src/main.cc-void message(Conn*, const unsigned char*, uint64_t, int)-340-Message attempt!
SERVER-[2022-05-22 20:26:42]-backend/cpp/src/main.cc-void message(Conn*, const unsigned char*, uint64_t, int)-340-Message attempt!
SERVER-[2022-05-22 20:26:43]-backend/cpp/src/main.cc-void close(Conn*)-330-Closing Connection!
SERVER-[2022-05-22 20:26:51]-backend/cpp/src/main.cc-void open(Conn*)-323-Opening Connection!
SERVER-[2022-05-22 20:26:55]-backend/cpp/src/main.cc-void message(Conn*, const unsigned char*, uint64_t, int)-340-Message attempt!
SERVER-[2022-05-22 20:26:55]-backend/cpp/src/main.cc-void message(Conn*, const unsigned char*, uint64_t, int)-340-Message attempt!
SERVER-[2022-05-22 20:26:56]-backend/cpp/src/main.cc-void message(Conn*, const unsigned char*, uint64_t, int)-340-Message attempt!
SERVER-[2022-05-22 20:26:56]-backend/cpp/src/main.cc-void message(Conn*, const unsigned char*, uint64_t, int)-340-Message attempt!
SERVER-[2022-05-22 20:26:56]-backend/cpp/src/main.cc-void message(Conn*, const unsigned char*, uint64_t, int)-340-Message attempt!
SERVER-[2022-05-22 20:26:57]-backend/cpp/src/main.cc-void message(Conn*, const unsigned char*, uint64_t, int)-340-Message attempt!
SERVER-[2022-05-22 20:26:57]-backend/cpp/src/main.cc-void message(Conn*, const unsigned char*, uint64_t, int)-340-Message attempt!
SERVER-[2022-05-22 20:26:57]-backend/cpp/src/main.cc-void message(Conn*, const unsigned char*, uint64_t, int)-340-Message attempt!
SERVER-[2022-05-22 20:26:57]-backend/cpp/src/main.cc-void message(Conn*, const unsigned char*, uint64_t, int)-340-Message attempt!
SERVER-[2022-05-22 20:26:57]-backend/cpp/src/main.cc-void message(Conn*, const unsigned char*, uint64_t, int)-340-Message attempt!
SERVER-[2022-05-22 20:26:58]-backend/cpp/src/main.cc-void message(Conn*, const unsigned char*, uint64_t, int)-340-Message attempt!
SERVER-[2022-05-22 20:26:58]-backend/cpp/src/main.cc-void message(Conn*, const unsigned char*, uint64_t, int)-340-Message attempt!
SERVER-[2022-05-22 20:26:58]-backend/cpp/src/main.cc-void message(Conn*, const unsigned char*, uint64_t, int)-340-Message attempt!
SERVER-[2022-05-22 20:26:58]-backend/cpp/src/main.cc-void message(Conn*, const unsigned char*, uint64_t, int)-340-Message attempt!
SERVER-[2022-05-22 20:26:58]-backend/cpp/src/main.cc-void message(Conn*, const unsigned char*, uint64_t, int)-340-Message attempt!
SERVER-[2022-05-22 20:26:59]-backend/cpp/src/main.cc-void close(Conn*)-330-Closing Connection!
SERVER-[2022-05-22 20:32:45]-backend/cpp/src/main.cc-void* server_destroy(void*)-536-Gracefully terminated!
SERVER-[2022-05-22 20:41:22]-backend/cpp/src/main.cc-void open(Conn*)-323-Opening Connection!
SERVER-[2022-05-22 20:41:25]-backend/cpp/src/main.cc-void close(Conn*)-330-Closing Connection!
SERVER-[2022-05-22 20:42:42]-backend/cpp/src/main.cc-void open(Conn*)-323-Opening Connection!
SERVER-[2022-05-22 20:43:19]-backend/cpp/src/main.cc-void open(Conn*)-323-Opening Connection!
SERVER-[2022-05-22 20:44:29]-backend/cpp/src/main.cc-void open(Conn*)-323-Opening Connection!
SERVER-[2022-05-22 20:45:56]-backend/cpp/src/main.cc-void open(Conn*)-323-Opening Connection!
SERVER-[2022-05-22 20:46:07]-backend/cpp/src/main.cc-void open(Conn*)-323-Opening Connection!
SERVER-[2022-05-22 20:47:44]-backend/cpp/src/main.cc-void open(Conn*)-323-Opening Connection!
SERVER-[2022-05-22 20:50:47]-backend/cpp/src/main.cc-void open(Conn*)-323-Opening Connection!
SERVER-[2022-05-22 20:52:06]-backend/cpp/src/main.cc-void open(Conn*)-323-Opening Connection!
SERVER-[2022-05-22 20:53:18]-backend/cpp/src/main.cc-void open(Conn*)-323-Opening Connection!
SERVER-[2022-05-22 20:55:26]-backend/cpp/src/main.cc-void open(Conn*)-323-Opening Connection!
SERVER-[2022-05-22 20:55:26]-backend/cpp/src/main.cc-void close(Conn*)-330-Closing Connection!
SERVER-[2022-05-22 20:55:34]-backend/cpp/src/main.cc-void open(Conn*)-323-Opening Connection!
SERVER-[2022-05-22 20:55:38]-backend/cpp/src/main.cc-void message(Conn*, const unsigned char*, uint64_t, int)-339-Message attempt!
SERVER-[2022-05-22 20:55:38]-backend/cpp/src/main.cc-void message(Conn*, const unsigned char*, uint64_t, int)-339-Message attempt!
SERVER-[2022-05-22 20:55:39]-backend/cpp/src/main.cc-void message(Conn*, const unsigned char*, uint64_t, int)-339-Message attempt!
SERVER-[2022-05-22 20:55:39]-backend/cpp/src/main.cc-void message(Conn*, const unsigned char*, uint64_t, int)-339-Message attempt!
SERVER-[2022-05-22 20:55:40]-backend/cpp/src/main.cc-void message(Conn*, const unsigned char*, uint64_t, int)-339-Message attempt!
SERVER-[2022-05-22 20:55:49]-backend/cpp/src/main.cc-void message(Conn*, const unsigned char*, uint64_t, int)-339-Message attempt!
SERVER-[2022-05-22 20:55:50]-backend/cpp/src/main.cc-void message(Conn*, const unsigned char*, uint64_t, int)-339-Message attempt!
SERVER-[2022-05-22 20:55:51]-backend/cpp/src/main.cc-void message(Conn*, const unsigned char*, uint64_t, int)-339-Message attempt!
SERVER-[2022-05-22 20:55:51]-backend/cpp/src/main.cc-void message(Conn*, const unsigned char*, uint64_t, int)-339-Message attempt!
SERVER-[2022-05-22 20:55:51]-backend/cpp/src/main.cc-void message(Conn*, const unsigned char*, uint64_t, int)-339-Message attempt!
SERVER-[2022-05-22 20:55:52]-backend/cpp/src/main.cc-void message(Conn*, const unsigned char*, uint64_t, int)-339-Message attempt!
SERVER-[2022-05-22 20:55:52]-backend/cpp/src/main.cc-void message(Conn*, const unsigned char*, uint64_t, int)-339-Message attempt!
SERVER-[2022-05-22 20:55:52]-backend/cpp/src/main.cc-void message(Conn*, const unsigned char*, uint64_t, int)-339-Message attempt!
SERVER-[2022-05-22 20:55:52]-backend/cpp/src/main.cc-void message(Conn*, const unsigned char*, uint64_t, int)-339-Message attempt!
SERVER-[2022-05-22 20:55:53]-backend/cpp/src/main.cc-void message(Conn*, const unsigned char*, uint64_t, int)-339-Message attempt!
SERVER-[2022-05-22 20:55:53]-backend/cpp/src/main.cc-void message(Conn*, const unsigned char*, uint64_t, int)-339-Message attempt!
SERVER-[2022-05-22 20:55:53]-backend/cpp/src/main.cc-void message(Conn*, const unsigned char*, uint64_t, int)-339-Message attempt!
SERVER-[2022-05-22 20:55:53]-backend/cpp/src/main.cc-void message(Conn*, const unsigned char*, uint64_t, int)-339-Message attempt!
SERVER-[2022-05-22 20:55:54]-backend/cpp/src/main.cc-void message(Conn*, const unsigned char*, uint64_t, int)-339-Message attempt!
SERVER-[2022-05-22 20:55:54]-backend/cpp/src/main.cc-void message(Conn*, const unsigned char*, uint64_t, int)-339-Message attempt!
SERVER-[2022-05-22 20:55:54]-backend/cpp/src/main.cc-void message(Conn*, const unsigned char*, uint64_t, int)-339-Message attempt!
SERVER-[2022-05-22 20:55:54]-backend/cpp/src/main.cc-void message(Conn*, const unsigned char*, uint64_t, int)-339-Message attempt!
SERVER-[2022-05-22 20:55:54]-backend/cpp/src/main.cc-void message(Conn*, const unsigned char*, uint64_t, int)-339-Message attempt!
SERVER-[2022-05-22 20:55:55]-backend/cpp/src/main.cc-void message(Conn*, const unsigned char*, uint64_t, int)-339-Message attempt!
SERVER-[2022-05-22 20:55:55]-backend/cpp/src/main.cc-void message(Conn*, const unsigned char*, uint64_t, int)-339-Message attempt!
SERVER-[2022-05-22 20:55:55]-backend/cpp/src/main.cc-void message(Conn*, const unsigned char*, uint64_t, int)-339-Message attempt!
SERVER-[2022-05-22 20:55:55]-backend/cpp/src/main.cc-void message(Conn*, const unsigned char*, uint64_t, int)-339-Message attempt!
SERVER-[2022-05-22 20:55:56]-backend/cpp/src/main.cc-void message(Conn*, const unsigned char*, uint64_t, int)-339-Message attempt!
SERVER-[2022-05-22 20:55:56]-backend/cpp/src/main.cc-void message(Conn*, const unsigned char*, uint64_t, int)-339-Message attempt!
SERVER-[2022-05-22 20:55:56]-backend/cpp/src/main.cc-void message(Conn*, const unsigned char*, uint64_t, int)-339-Message attempt!
SERVER-[2022-05-22 20:57:04]-backend/cpp/src/main.cc-void open(Conn*)-323-Opening Connection!
SERVER-[2022-05-22 20:57:40]-backend/cpp/src/main.cc-void close(Conn*)-330-Closing Connection!
SERVER-[2022-05-22 20:57:46]-backend/cpp/src/main.cc-void open(Conn*)-323-Opening Connection!
SERVER-[2022-05-22 20:58:38]-backend/cpp/src/main.cc-void open(Conn*)-323-Opening Connection!
SERVER-[2022-05-22 20:59:29]-backend/cpp/src/main.cc-void close(Conn*)-330-Closing Connection!
SERVER-[2022-05-22 20:59:32]-backend/cpp/src/main.cc-void open(Conn*)-323-Opening Connection!
SERVER-[2022-05-22 20:59:48]-backend/cpp/src/main.cc-void close(Conn*)-330-Closing Connection!
SERVER-[2022-05-22 21:01:02]-backend/cpp/src/main.cc-void* server_destroy(void*)-530-Gracefully terminated!
